<?xml version="1.0" encoding="UTF-8"?>
<coverage generated="1762252582218" clover="3.2.0">
  <project timestamp="1762252582218" name="All files">
    <metrics statements="5" coveredstatements="4" conditionals="16" coveredconditionals="15" methods="1" coveredmethods="0" elements="22" coveredelements="19" complexity="0" loc="5" ncloc="5" packages="1" files="4" classes="4"/>
    <file name="Greeting.vue" path="C:\Users\MarkvHouten\Documents\Script Opdrachten\Unit Testing\vue-testing\src\components\Greeting.vue">
      <metrics statements="0" coveredstatements="0" conditionals="2" coveredconditionals="1" methods="0" coveredmethods="0"/>
    </file>
    <file name="HelloWorld.vue" path="C:\Users\MarkvHouten\Documents\Script Opdrachten\Unit Testing\vue-testing\src\components\HelloWorld.vue">
      <metrics statements="3" coveredstatements="2" conditionals="4" coveredconditionals="4" methods="1" coveredmethods="0"/>
      <line num="6" count="1" type="stmt"/>
      <line num="12" count="1" type="stmt"/>
      <line num="13" count="0" type="cond" truecount="2" falsecount="0"/>
    </file>
    <file name="LoginStatus.vue" path="C:\Users\MarkvHouten\Documents\Script Opdrachten\Unit Testing\vue-testing\src\components\LoginStatus.vue">
      <metrics statements="1" coveredstatements="1" conditionals="4" coveredconditionals="4" methods="0" coveredmethods="0"/>
      <line num="8" count="4" type="stmt"/>
    </file>
    <file name="StatusBadge.vue" path="C:\Users\MarkvHouten\Documents\Script Opdrachten\Unit Testing\vue-testing\src\components\StatusBadge.vue">
      <metrics statements="1" coveredstatements="1" conditionals="6" coveredconditionals="6" methods="0" coveredmethods="0"/>
      <line num="8" count="1" type="stmt"/>
    </file>
  </project>
</coverage>
