{"C:\\Users\\MarkvHouten\\Documents\\Script Opdrachten\\Unit Testing\\vue-testing\\src\\components\\Greeting.vue": {"path":"C:\\Users\\MarkvHouten\\Documents\\Script Opdrachten\\Unit Testing\\vue-testing\\src\\components\\Greeting.vue","statementMap":{},"fnMap":{},"branchMap":{"0":{"loc":{"start":{"line":10,"column":13},"end":{"line":10,"column":47}},"type":"cond-expr","locations":[{"start":{"line":10,"column":17},"end":{"line":10,"column":47}},{"start":{"line":10,"column":40},"end":{"line":10,"column":47}}],"line":10}},"s":{},"f":{},"b":{"0":[3,0]},"meta":{"lastBranch":1,"lastFunction":0,"lastStatement":0,"seen":{"b:10:17:10:47:10:40:10:47":0}}}
,"C:\\Users\\MarkvHouten\\Documents\\Script Opdrachten\\Unit Testing\\vue-testing\\src\\components\\HelloWorld.vue": {"path":"C:\\Users\\MarkvHouten\\Documents\\Script Opdrachten\\Unit Testing\\vue-testing\\src\\components\\HelloWorld.vue","statementMap":{"0":{"start":{"line":6,"column":6},"end":{"line":6,"column":null}},"1":{"start":{"line":12,"column":7},"end":{"line":12,"column":null}},"2":{"start":{"line":13,"column":34},"end":{"line":13,"column":43}}},"fnMap":{"0":{"name":"(anonymous_0)","decl":{"start":{"line":13,"column":32},"end":{"line":13,"column":34}},"loc":{"start":{"line":13,"column":34},"end":{"line":13,"column":43}},"line":13}},"branchMap":{"0":{"loc":{"start":{"line":13,"column":32},"end":{"line":13,"column":43}},"type":"binary-expr","locations":[{"start":{"line":13,"column":32},"end":{"line":13,"column":34}},{"start":{"line":13,"column":32},"end":{"line":13,"column":43}}],"line":13},"1":{"loc":{"start":{"line":34,"column":2},"end":{"line":34,"column":76}},"type":"binary-expr","locations":[{"start":{"line":34,"column":2},"end":{"line":34,"column":5}},{"start":{"line":34,"column":2},"end":{"line":34,"column":76}}],"line":34}},"s":{"0":1,"1":1,"2":0},"f":{"0":0},"b":{"0":[1,1],"1":[1,1]},"meta":{"lastBranch":0,"lastFunction":0,"lastStatement":0,"seen":{}}}
,"C:\\Users\\MarkvHouten\\Documents\\Script Opdrachten\\Unit Testing\\vue-testing\\src\\components\\LoginStatus.vue": {"path":"C:\\Users\\MarkvHouten\\Documents\\Script Opdrachten\\Unit Testing\\vue-testing\\src\\components\\LoginStatus.vue","statementMap":{"0":{"start":{"line":8,"column":9},"end":{"line":8,"column":null}},"1":{"start":{"line":8,"column":4},"end":{"line":17,"column":14}}},"fnMap":{},"branchMap":{"0":{"loc":{"start":{"line":9,"column":19},"end":{"line":17,"column":14}},"type":"cond-expr","locations":[{"start":{"line":9,"column":25},"end":{"line":11,"column":14}},{"start":{"line":12,"column":24},"end":{"line":17,"column":14}}],"line":9},"1":{"loc":{"start":{"line":12,"column":24},"end":{"line":17,"column":14}},"type":"cond-expr","locations":[{"start":{"line":12,"column":30},"end":{"line":14,"column":14}},{"start":{"line":14,"column":8},"end":{"line":17,"column":14}}],"line":12}},"s":{"0":1,"1":4},"f":{},"b":{"0":[1,3],"1":[1,2]},"meta":{"lastBranch":0,"lastFunction":0,"lastStatement":0,"seen":{}}}
,"C:\\Users\\MarkvHouten\\Documents\\Script Opdrachten\\Unit Testing\\vue-testing\\src\\components\\StatusBadge.vue": {"path":"C:\\Users\\MarkvHouten\\Documents\\Script Opdrachten\\Unit Testing\\vue-testing\\src\\components\\StatusBadge.vue","statementMap":{"0":{"start":{"line":8,"column":9},"end":{"line":8,"column":null}}},"fnMap":{},"branchMap":{"0":{"loc":{"start":{"line":9,"column":19},"end":{"line":11,"column":14}},"type":"cond-expr","locations":[{"start":{"line":9,"column":25},"end":{"line":11,"column":14}},{"start":{"line":11,"column":8},"end":{"line":11,"column":14}}],"line":9},"1":{"loc":{"start":{"line":12,"column":19},"end":{"line":14,"column":14}},"type":"cond-expr","locations":[{"start":{"line":12,"column":25},"end":{"line":14,"column":14}},{"start":{"line":14,"column":8},"end":{"line":14,"column":14}}],"line":12},"2":{"loc":{"start":{"line":15,"column":19},"end":{"line":17,"column":14}},"type":"cond-expr","locations":[{"start":{"line":15,"column":25},"end":{"line":17,"column":14}},{"start":{"line":17,"column":8},"end":{"line":17,"column":14}}],"line":15}},"s":{"0":1},"f":{},"b":{"0":[1,4],"1":[1,4],"2":[1,4]},"meta":{"lastBranch":0,"lastFunction":0,"lastStatement":0,"seen":{}}}
}
