{"C:\\Users\\MarkvHouten\\Documents\\Script Opdrachten\\Unit Testing\\vue-testing\\src\\components\\Counter.vue": {"path":"C:\\Users\\MarkvHouten\\Documents\\Script Opdrachten\\Unit Testing\\vue-testing\\src\\components\\Counter.vue","statementMap":{"0":{"start":{"line":11,"column":6},"end":{"line":11,"column":null}},"1":{"start":{"line":13,"column":13},"end":{"line":13,"column":null}},"2":{"start":{"line":17,"column":18},"end":{"line":20,"column":null}},"3":{"start":{"line":18,"column":4},"end":{"line":18,"column":null}},"4":{"start":{"line":19,"column":4},"end":{"line":19,"column":null}},"5":{"start":{"line":2,"column":4},"end":{"line":4,"column":53}}},"fnMap":{"0":{"name":"(anonymous_0)","decl":{"start":{"line":17,"column":18},"end":{"line":17,"column":24}},"loc":{"start":{"line":17,"column":24},"end":{"line":20,"column":null}},"line":17}},"branchMap":{},"s":{"0":5,"1":5,"2":5,"3":8,"4":8,"5":13},"f":{"0":8},"b":{},"meta":{"lastBranch":0,"lastFunction":1,"lastStatement":6,"seen":{"s:11:6:11:Infinity":0,"s:13:13:13:Infinity":1,"s:17:18:20:Infinity":2,"f:17:18:17:24":0,"s:18:4:18:Infinity":3,"s:19:4:19:Infinity":4,"s:2:4:4:53":5}}}
,"C:\\Users\\MarkvHouten\\Documents\\Script Opdrachten\\Unit Testing\\vue-testing\\src\\components\\Greeting.vue": {"path":"C:\\Users\\MarkvHouten\\Documents\\Script Opdrachten\\Unit Testing\\vue-testing\\src\\components\\Greeting.vue","statementMap":{},"fnMap":{},"branchMap":{"0":{"loc":{"start":{"line":10,"column":13},"end":{"line":10,"column":47}},"type":"cond-expr","locations":[{"start":{"line":10,"column":17},"end":{"line":10,"column":47}},{"start":{"line":10,"column":40},"end":{"line":10,"column":47}}],"line":10}},"s":{},"f":{},"b":{"0":[3,0]},"meta":{"lastBranch":1,"lastFunction":0,"lastStatement":0,"seen":{"b:10:17:10:47:10:40:10:47":0}}}
,"C:\\Users\\MarkvHouten\\Documents\\Script Opdrachten\\Unit Testing\\vue-testing\\src\\components\\HelloWorld.vue": {"path":"C:\\Users\\MarkvHouten\\Documents\\Script Opdrachten\\Unit Testing\\vue-testing\\src\\components\\HelloWorld.vue","statementMap":{"0":{"start":{"line":6,"column":6},"end":{"line":6,"column":null}},"1":{"start":{"line":12,"column":7},"end":{"line":12,"column":null}},"2":{"start":{"line":13,"column":34},"end":{"line":13,"column":43}}},"fnMap":{"0":{"name":"(anonymous_0)","decl":{"start":{"line":13,"column":32},"end":{"line":13,"column":34}},"loc":{"start":{"line":13,"column":34},"end":{"line":13,"column":43}},"line":13}},"branchMap":{"0":{"loc":{"start":{"line":13,"column":32},"end":{"line":13,"column":43}},"type":"binary-expr","locations":[{"start":{"line":13,"column":32},"end":{"line":13,"column":34}},{"start":{"line":13,"column":32},"end":{"line":13,"column":43}}],"line":13},"1":{"loc":{"start":{"line":34,"column":2},"end":{"line":34,"column":76}},"type":"binary-expr","locations":[{"start":{"line":34,"column":2},"end":{"line":34,"column":5}},{"start":{"line":34,"column":2},"end":{"line":34,"column":76}}],"line":34}},"s":{"0":1,"1":1,"2":0},"f":{"0":0},"b":{"0":[1,1],"1":[1,1]},"meta":{"lastBranch":0,"lastFunction":0,"lastStatement":0,"seen":{}}}
,"C:\\Users\\MarkvHouten\\Documents\\Script Opdrachten\\Unit Testing\\vue-testing\\src\\components\\LikeButton.vue": {"path":"C:\\Users\\MarkvHouten\\Documents\\Script Opdrachten\\Unit Testing\\vue-testing\\src\\components\\LikeButton.vue","statementMap":{"0":{"start":{"line":12,"column":14},"end":{"line":12,"column":null}},"1":{"start":{"line":16,"column":13},"end":{"line":16,"column":null}},"2":{"start":{"line":21,"column":6},"end":{"line":21,"column":null}},"3":{"start":{"line":23,"column":19},"end":{"line":31,"column":null}},"4":{"start":{"line":24,"column":4},"end":{"line":24,"column":null}},"5":{"start":{"line":26,"column":4},"end":{"line":30,"column":null}},"6":{"start":{"line":27,"column":8},"end":{"line":27,"column":null}},"7":{"start":{"line":29,"column":8},"end":{"line":29,"column":null}}},"fnMap":{"0":{"name":"(anonymous_0)","decl":{"start":{"line":23,"column":19},"end":{"line":23,"column":25}},"loc":{"start":{"line":23,"column":25},"end":{"line":31,"column":null}},"line":23}},"branchMap":{"0":{"loc":{"start":{"line":26,"column":4},"end":{"line":30,"column":null}},"type":"if","locations":[{"start":{"line":26,"column":4},"end":{"line":30,"column":null}},{"start":{"line":28,"column":11},"end":{"line":30,"column":null}}],"line":26},"1":{"loc":{"start":{"line":3,"column":20},"end":{"line":4,"column":35}},"type":"cond-expr","locations":[{"start":{"line":3,"column":20},"end":{"line":3,"column":42}},{"start":{"line":3,"column":35},"end":{"line":4,"column":35}}],"line":3},"2":{"loc":{"start":{"line":5,"column":20},"end":{"line":5,"column":62}},"type":"cond-expr","locations":[{"start":{"line":5,"column":30},"end":{"line":5,"column":62}},{"start":{"line":5,"column":55},"end":{"line":5,"column":62}}],"line":5}},"s":{"0":6,"1":6,"2":6,"3":6,"4":4,"5":4,"6":3,"7":1},"f":{"0":4},"b":{"0":[3,1],"1":[3,7],"2":[1,9]},"meta":{"lastBranch":0,"lastFunction":0,"lastStatement":0,"seen":{}}}
,"C:\\Users\\MarkvHouten\\Documents\\Script Opdrachten\\Unit Testing\\vue-testing\\src\\components\\LoginForm.vue": {"path":"C:\\Users\\MarkvHouten\\Documents\\Script Opdrachten\\Unit Testing\\vue-testing\\src\\components\\LoginForm.vue","statementMap":{"0":{"start":{"line":32,"column":6},"end":{"line":32,"column":null}},"1":{"start":{"line":33,"column":6},"end":{"line":33,"column":null}},"2":{"start":{"line":34,"column":6},"end":{"line":34,"column":null}},"3":{"start":{"line":36,"column":13},"end":{"line":36,"column":null}},"4":{"start":{"line":40,"column":21},"end":{"line":55,"column":null}},"5":{"start":{"line":42,"column":4},"end":{"line":42,"column":null}},"6":{"start":{"line":45,"column":4},"end":{"line":48,"column":null}},"7":{"start":{"line":46,"column":8},"end":{"line":46,"column":null}},"8":{"start":{"line":47,"column":8},"end":{"line":47,"column":null}},"9":{"start":{"line":51,"column":4},"end":{"line":54,"column":null}},"10":{"start":{"line":7,"column":25},"end":{"line":7,"column":null}},"11":{"start":{"line":17,"column":25},"end":{"line":17,"column":null}}},"fnMap":{"0":{"name":"(anonymous_0)","decl":{"start":{"line":40,"column":21},"end":{"line":40,"column":27}},"loc":{"start":{"line":40,"column":27},"end":{"line":55,"column":null}},"line":40},"1":{"name":"(anonymous_1)","decl":{"start":{"line":6,"column":19},"end":{"line":6,"column":null}},"loc":{"start":{"line":7,"column":25},"end":{"line":7,"column":null}},"line":7},"2":{"name":"(anonymous_2)","decl":{"start":{"line":16,"column":19},"end":{"line":16,"column":null}},"loc":{"start":{"line":17,"column":25},"end":{"line":17,"column":null}},"line":17}},"branchMap":{"0":{"loc":{"start":{"line":45,"column":4},"end":{"line":48,"column":null}},"type":"if","locations":[{"start":{"line":45,"column":4},"end":{"line":48,"column":null}},{"start":{},"end":{}}],"line":45},"1":{"loc":{"start":{"line":45,"column":8},"end":{"line":45,"column":41}},"type":"binary-expr","locations":[{"start":{"line":45,"column":8},"end":{"line":45,"column":24}},{"start":{"line":45,"column":24},"end":{"line":45,"column":41}}],"line":45},"2":{"loc":{"start":{"line":11,"column":14},"end":{"line":4,"column":45}},"type":"binary-expr","locations":[{"start":{"line":11,"column":14},"end":{"line":11,"column":null}},{"start":{"line":11,"column":14},"end":{"line":4,"column":45}}],"line":11},"3":{"loc":{"start":{"line":6,"column":19},"end":{"line":7,"column":null}},"type":"binary-expr","locations":[{"start":{"line":6,"column":19},"end":{"line":6,"column":null}},{"start":{"line":6,"column":19},"end":{"line":7,"column":null}}],"line":6},"4":{"loc":{"start":{"line":21,"column":14},"end":{"line":14,"column":53}},"type":"binary-expr","locations":[{"start":{"line":21,"column":14},"end":{"line":21,"column":null}},{"start":{"line":21,"column":14},"end":{"line":14,"column":53}}],"line":21},"5":{"loc":{"start":{"line":16,"column":19},"end":{"line":17,"column":null}},"type":"binary-expr","locations":[{"start":{"line":16,"column":19},"end":{"line":16,"column":null}},{"start":{"line":16,"column":19},"end":{"line":17,"column":null}}],"line":16},"6":{"loc":{"start":{"line":23,"column":19},"end":{"line":23,"column":57}},"type":"cond-expr","locations":[{"start":{"line":23,"column":19},"end":{"line":23,"column":57}},{"start":{"line":23,"column":48},"end":{"line":23,"column":57}}],"line":23},"7":{"loc":{"start":{"line":25,"column":8},"end":{"line":25,"column":47}},"type":"binary-expr","locations":[{"start":{"line":25,"column":8},"end":{"line":25,"column":16}},{"start":{"line":25,"column":8},"end":{"line":25,"column":47}}],"line":25}},"s":{"0":7,"1":7,"2":7,"3":7,"4":7,"5":4,"6":4,"7":3,"8":3,"9":1,"10":3,"11":3},"f":{"0":4,"1":3,"2":3},"b":{"0":[3,1],"1":[4,2],"2":[16,7],"3":[16,7],"4":[16,7],"5":[16,7],"6":[3,13],"7":[16,7]},"meta":{"lastBranch":0,"lastFunction":0,"lastStatement":0,"seen":{}}}
,"C:\\Users\\MarkvHouten\\Documents\\Script Opdrachten\\Unit Testing\\vue-testing\\src\\components\\LoginStatus.vue": {"path":"C:\\Users\\MarkvHouten\\Documents\\Script Opdrachten\\Unit Testing\\vue-testing\\src\\components\\LoginStatus.vue","statementMap":{"0":{"start":{"line":8,"column":9},"end":{"line":8,"column":null}},"1":{"start":{"line":8,"column":4},"end":{"line":17,"column":14}}},"fnMap":{},"branchMap":{"0":{"loc":{"start":{"line":9,"column":19},"end":{"line":17,"column":14}},"type":"cond-expr","locations":[{"start":{"line":9,"column":25},"end":{"line":11,"column":14}},{"start":{"line":12,"column":24},"end":{"line":17,"column":14}}],"line":9},"1":{"loc":{"start":{"line":12,"column":24},"end":{"line":17,"column":14}},"type":"cond-expr","locations":[{"start":{"line":12,"column":30},"end":{"line":14,"column":14}},{"start":{"line":14,"column":8},"end":{"line":17,"column":14}}],"line":12}},"s":{"0":1,"1":4},"f":{},"b":{"0":[1,3],"1":[1,2]},"meta":{"lastBranch":0,"lastFunction":0,"lastStatement":0,"seen":{}}}
,"C:\\Users\\MarkvHouten\\Documents\\Script Opdrachten\\Unit Testing\\vue-testing\\src\\components\\RegistrationForm.vue": {"path":"C:\\Users\\MarkvHouten\\Documents\\Script Opdrachten\\Unit Testing\\vue-testing\\src\\components\\RegistrationForm.vue","statementMap":{"0":{"start":{"line":53,"column":6},"end":{"line":53,"column":null}},"1":{"start":{"line":54,"column":6},"end":{"line":54,"column":null}},"2":{"start":{"line":55,"column":6},"end":{"line":55,"column":null}},"3":{"start":{"line":56,"column":6},"end":{"line":56,"column":null}},"4":{"start":{"line":57,"column":6},"end":{"line":57,"column":null}},"5":{"start":{"line":59,"column":13},"end":{"line":59,"column":null}},"6":{"start":{"line":68,"column":21},"end":{"line":103,"column":null}},"7":{"start":{"line":70,"column":4},"end":{"line":70,"column":null}},"8":{"start":{"line":73,"column":4},"end":{"line":76,"column":null}},"9":{"start":{"line":74,"column":8},"end":{"line":74,"column":null}},"10":{"start":{"line":75,"column":8},"end":{"line":75,"column":null}},"11":{"start":{"line":79,"column":4},"end":{"line":82,"column":null}},"12":{"start":{"line":80,"column":8},"end":{"line":80,"column":null}},"13":{"start":{"line":81,"column":8},"end":{"line":81,"column":null}},"14":{"start":{"line":85,"column":4},"end":{"line":88,"column":null}},"15":{"start":{"line":86,"column":8},"end":{"line":86,"column":null}},"16":{"start":{"line":87,"column":8},"end":{"line":87,"column":null}},"17":{"start":{"line":91,"column":4},"end":{"line":94,"column":null}},"18":{"start":{"line":92,"column":8},"end":{"line":92,"column":null}},"19":{"start":{"line":93,"column":8},"end":{"line":93,"column":null}},"20":{"start":{"line":97,"column":4},"end":{"line":102,"column":null}},"21":{"start":{"line":7,"column":25},"end":{"line":7,"column":null}},"22":{"start":{"line":17,"column":25},"end":{"line":17,"column":null}},"23":{"start":{"line":27,"column":25},"end":{"line":27,"column":null}},"24":{"start":{"line":37,"column":29},"end":{"line":37,"column":null}}},"fnMap":{"0":{"name":"(anonymous_0)","decl":{"start":{"line":68,"column":21},"end":{"line":68,"column":27}},"loc":{"start":{"line":68,"column":27},"end":{"line":103,"column":null}},"line":68},"1":{"name":"(anonymous_1)","decl":{"start":{"line":6,"column":19},"end":{"line":6,"column":null}},"loc":{"start":{"line":7,"column":25},"end":{"line":7,"column":null}},"line":7},"2":{"name":"(anonymous_2)","decl":{"start":{"line":16,"column":19},"end":{"line":16,"column":null}},"loc":{"start":{"line":17,"column":25},"end":{"line":17,"column":null}},"line":17},"3":{"name":"(anonymous_3)","decl":{"start":{"line":26,"column":19},"end":{"line":26,"column":null}},"loc":{"start":{"line":27,"column":25},"end":{"line":27,"column":null}},"line":27},"4":{"name":"(anonymous_4)","decl":{"start":{"line":36,"column":23},"end":{"line":36,"column":null}},"loc":{"start":{"line":37,"column":29},"end":{"line":37,"column":null}},"line":37}},"branchMap":{"0":{"loc":{"start":{"line":73,"column":4},"end":{"line":76,"column":null}},"type":"if","locations":[{"start":{"line":73,"column":4},"end":{"line":76,"column":null}},{"start":{},"end":{}}],"line":73},"1":{"loc":{"start":{"line":73,"column":8},"end":{"line":73,"column":67}},"type":"binary-expr","locations":[{"start":{"line":73,"column":8},"end":{"line":73,"column":24}},{"start":{"line":73,"column":24},"end":{"line":73,"column":43}},{"start":{"line":73,"column":43},"end":{"line":73,"column":67}}],"line":73},"2":{"loc":{"start":{"line":79,"column":4},"end":{"line":82,"column":null}},"type":"if","locations":[{"start":{"line":79,"column":4},"end":{"line":82,"column":null}},{"start":{},"end":{}}],"line":79},"3":{"loc":{"start":{"line":85,"column":4},"end":{"line":88,"column":null}},"type":"if","locations":[{"start":{"line":85,"column":4},"end":{"line":88,"column":null}},{"start":{},"end":{}}],"line":85},"4":{"loc":{"start":{"line":91,"column":4},"end":{"line":94,"column":null}},"type":"if","locations":[{"start":{"line":91,"column":4},"end":{"line":94,"column":null}},{"start":{},"end":{}}],"line":91},"5":{"loc":{"start":{"line":11,"column":14},"end":{"line":4,"column":45}},"type":"binary-expr","locations":[{"start":{"line":11,"column":14},"end":{"line":11,"column":null}},{"start":{"line":11,"column":14},"end":{"line":4,"column":45}}],"line":11},"6":{"loc":{"start":{"line":6,"column":19},"end":{"line":7,"column":null}},"type":"binary-expr","locations":[{"start":{"line":6,"column":19},"end":{"line":6,"column":null}},{"start":{"line":6,"column":19},"end":{"line":7,"column":null}}],"line":6},"7":{"loc":{"start":{"line":21,"column":14},"end":{"line":14,"column":53}},"type":"binary-expr","locations":[{"start":{"line":21,"column":14},"end":{"line":21,"column":null}},{"start":{"line":21,"column":14},"end":{"line":14,"column":53}}],"line":21},"8":{"loc":{"start":{"line":16,"column":19},"end":{"line":17,"column":null}},"type":"binary-expr","locations":[{"start":{"line":16,"column":19},"end":{"line":16,"column":null}},{"start":{"line":16,"column":19},"end":{"line":17,"column":null}}],"line":16},"9":{"loc":{"start":{"line":31,"column":14},"end":{"line":24,"column":69}},"type":"binary-expr","locations":[{"start":{"line":31,"column":14},"end":{"line":31,"column":null}},{"start":{"line":31,"column":14},"end":{"line":24,"column":69}}],"line":31},"10":{"loc":{"start":{"line":26,"column":19},"end":{"line":27,"column":null}},"type":"binary-expr","locations":[{"start":{"line":26,"column":19},"end":{"line":26,"column":null}},{"start":{"line":26,"column":19},"end":{"line":27,"column":null}}],"line":26},"11":{"loc":{"start":{"line":36,"column":23},"end":{"line":37,"column":null}},"type":"binary-expr","locations":[{"start":{"line":36,"column":23},"end":{"line":36,"column":null}},{"start":{"line":36,"column":23},"end":{"line":37,"column":null}}],"line":36},"12":{"loc":{"start":{"line":44,"column":19},"end":{"line":44,"column":57}},"type":"cond-expr","locations":[{"start":{"line":44,"column":19},"end":{"line":44,"column":57}},{"start":{"line":44,"column":48},"end":{"line":44,"column":57}}],"line":44},"13":{"loc":{"start":{"line":46,"column":8},"end":{"line":46,"column":50}},"type":"binary-expr","locations":[{"start":{"line":46,"column":8},"end":{"line":46,"column":16}},{"start":{"line":46,"column":8},"end":{"line":46,"column":50}}],"line":46}},"s":{"0":6,"1":6,"2":6,"3":6,"4":6,"5":6,"6":6,"7":5,"8":5,"9":1,"10":1,"11":4,"12":1,"13":1,"14":3,"15":1,"16":1,"17":2,"18":1,"19":1,"20":1,"21":4,"22":4,"23":4,"24":3},"f":{"0":5,"1":4,"2":4,"3":4,"4":3},"b":{"0":[1,4],"1":[5,4,4],"2":[1,3],"3":[1,2],"4":[1,1],"5":[25,6],"6":[25,6],"7":[25,6],"8":[25,6],"9":[25,6],"10":[25,6],"11":[25,6],"12":[4,21],"13":[25,6]},"meta":{"lastBranch":0,"lastFunction":0,"lastStatement":0,"seen":{}}}
,"C:\\Users\\MarkvHouten\\Documents\\Script Opdrachten\\Unit Testing\\vue-testing\\src\\components\\StatusBadge.vue": {"path":"C:\\Users\\MarkvHouten\\Documents\\Script Opdrachten\\Unit Testing\\vue-testing\\src\\components\\StatusBadge.vue","statementMap":{"0":{"start":{"line":8,"column":9},"end":{"line":8,"column":null}}},"fnMap":{},"branchMap":{"0":{"loc":{"start":{"line":9,"column":19},"end":{"line":11,"column":14}},"type":"cond-expr","locations":[{"start":{"line":9,"column":25},"end":{"line":11,"column":14}},{"start":{"line":11,"column":8},"end":{"line":11,"column":14}}],"line":9},"1":{"loc":{"start":{"line":12,"column":19},"end":{"line":14,"column":14}},"type":"cond-expr","locations":[{"start":{"line":12,"column":25},"end":{"line":14,"column":14}},{"start":{"line":14,"column":8},"end":{"line":14,"column":14}}],"line":12},"2":{"loc":{"start":{"line":15,"column":19},"end":{"line":17,"column":14}},"type":"cond-expr","locations":[{"start":{"line":15,"column":25},"end":{"line":17,"column":14}},{"start":{"line":17,"column":8},"end":{"line":17,"column":14}}],"line":15}},"s":{"0":1},"f":{},"b":{"0":[1,4],"1":[1,4],"2":[1,4]},"meta":{"lastBranch":0,"lastFunction":0,"lastStatement":0,"seen":{}}}
,"C:\\Users\\MarkvHouten\\Documents\\Script Opdrachten\\Unit Testing\\vue-testing\\src\\components\\UserCard.vue": {"path":"C:\\Users\\MarkvHouten\\Documents\\Script Opdrachten\\Unit Testing\\vue-testing\\src\\components\\UserCard.vue","statementMap":{"0":{"start":{"line":8,"column":13},"end":{"line":8,"column":null}},"1":{"start":{"line":12,"column":21},"end":{"line":14,"column":null}},"2":{"start":{"line":13,"column":4},"end":{"line":13,"column":null}},"3":{"start":{"line":18,"column":9},"end":{"line":18,"column":null}},"4":{"start":{"line":19,"column":12},"end":{"line":19,"column":37}},"5":{"start":{"line":20,"column":11},"end":{"line":20,"column":37}},"6":{"start":{"line":21,"column":11},"end":{"line":21,"column":33}},"7":{"start":{"line":18,"column":4},"end":{"line":24,"column":17}}},"fnMap":{"0":{"name":"(anonymous_0)","decl":{"start":{"line":12,"column":21},"end":{"line":12,"column":27}},"loc":{"start":{"line":12,"column":27},"end":{"line":14,"column":null}},"line":12}},"branchMap":{},"s":{"0":5,"1":5,"2":1,"3":1,"4":1,"5":1,"6":1,"7":5},"f":{"0":1},"b":{},"meta":{"lastBranch":0,"lastFunction":0,"lastStatement":0,"seen":{}}}
,"C:\\Users\\MarkvHouten\\Documents\\Script Opdrachten\\Unit Testing\\vue-testing\\src\\components\\UserList.vue": {"path":"C:\\Users\\MarkvHouten\\Documents\\Script Opdrachten\\Unit Testing\\vue-testing\\src\\components\\UserList.vue","statementMap":{"0":{"start":{"line":12,"column":13},"end":{"line":12,"column":null}},"1":{"start":{"line":16,"column":21},"end":{"line":18,"column":null}},"2":{"start":{"line":17,"column":4},"end":{"line":17,"column":null}},"3":{"start":{"line":22,"column":9},"end":{"line":22,"column":null}},"4":{"start":{"line":25,"column":22},"end":{"line":25,"column":47}},"5":{"start":{"line":26,"column":22},"end":{"line":26,"column":48}},"6":{"start":{"line":22,"column":4},"end":{"line":34,"column":12}},"7":{"start":{"line":24,"column":12},"end":{"line":29,"column":25}},"8":{"start":{"line":27,"column":58},"end":{"line":27,"column":81}}},"fnMap":{"0":{"name":"(anonymous_0)","decl":{"start":{"line":16,"column":21},"end":{"line":16,"column":22}},"loc":{"start":{"line":16,"column":37},"end":{"line":18,"column":null}},"line":16},"1":{"name":"(anonymous_1)","decl":{"start":{"line":27,"column":56},"end":{"line":27,"column":58}},"loc":{"start":{"line":27,"column":58},"end":{"line":27,"column":81}},"line":27}},"branchMap":{"0":{"loc":{"start":{"line":23,"column":18},"end":{"line":34,"column":12}},"type":"cond-expr","locations":[{"start":{"line":23,"column":30},"end":{"line":32,"column":18}},{"start":{"line":32,"column":8},"end":{"line":34,"column":12}}],"line":23}},"s":{"0":8,"1":8,"2":1,"3":1,"4":1,"5":1,"6":8,"7":12,"8":1},"f":{"0":1,"1":1},"b":{"0":[6,2]},"meta":{"lastBranch":0,"lastFunction":0,"lastStatement":0,"seen":{}}}
}
