<?xml version="1.0" encoding="UTF-8"?>
<coverage generated="1762249254500" clover="3.2.0">
  <project timestamp="1762249254500" name="All files">
    <metrics statements="13" coveredstatements="13" conditionals="8" coveredconditionals="8" methods="7" coveredmethods="7" elements="28" coveredelements="28" complexity="0" loc="13" ncloc="13" packages="1" files="5" classes="5"/>
    <file name="calculateDiscount.ts" path="C:\Users\MarkvHouten\Documents\Script Opdrachten\Unit Testing\vitest-practice\src\calculateDiscount.ts">
      <metrics statements="5" coveredstatements="5" conditionals="6" coveredconditionals="6" methods="1" coveredmethods="1"/>
      <line num="2" count="7" type="cond" truecount="2" falsecount="0"/>
      <line num="3" count="1" type="stmt"/>
      <line num="6" count="6" type="cond" truecount="4" falsecount="0"/>
      <line num="7" count="2" type="stmt"/>
      <line num="10" count="4" type="stmt"/>
    </file>
    <file name="getUser.ts" path="C:\Users\MarkvHouten\Documents\Script Opdrachten\Unit Testing\vitest-practice\src\getUser.ts">
      <metrics statements="5" coveredstatements="5" conditionals="2" coveredconditionals="2" methods="3" coveredmethods="3"/>
      <line num="3" count="1" type="stmt"/>
      <line num="9" count="1" type="stmt"/>
      <line num="10" count="4" type="cond" truecount="2" falsecount="0"/>
      <line num="11" count="5" type="stmt"/>
      <line num="14" count="7" type="stmt"/>
    </file>
    <file name="math.ts" path="C:\Users\MarkvHouten\Documents\Script Opdrachten\Unit Testing\vitest-practice\src\math.ts">
      <metrics statements="1" coveredstatements="1" conditionals="0" coveredconditionals="0" methods="1" coveredmethods="1"/>
      <line num="2" count="4" type="stmt"/>
    </file>
    <file name="multiply.ts" path="C:\Users\MarkvHouten\Documents\Script Opdrachten\Unit Testing\vitest-practice\src\multiply.ts">
      <metrics statements="1" coveredstatements="1" conditionals="0" coveredconditionals="0" methods="1" coveredmethods="1"/>
      <line num="2" count="5" type="stmt"/>
    </file>
    <file name="subtract.ts" path="C:\Users\MarkvHouten\Documents\Script Opdrachten\Unit Testing\vitest-practice\src\subtract.ts">
      <metrics statements="1" coveredstatements="1" conditionals="0" coveredconditionals="0" methods="1" coveredmethods="1"/>
      <line num="2" count="4" type="stmt"/>
    </file>
  </project>
</coverage>
