{"C:\\Users\\MarkvHouten\\Documents\\Script Opdrachten\\Unit Testing\\vitest-practice\\src\\calculateDiscount.ts": {"path":"C:\\Users\\MarkvHouten\\Documents\\Script Opdrachten\\Unit Testing\\vitest-practice\\src\\calculateDiscount.ts","statementMap":{"0":{"start":{"line":2,"column":4},"end":{"line":4,"column":null}},"1":{"start":{"line":3,"column":8},"end":{"line":3,"column":null}},"2":{"start":{"line":6,"column":4},"end":{"line":8,"column":null}},"3":{"start":{"line":7,"column":8},"end":{"line":7,"column":null}},"4":{"start":{"line":10,"column":4},"end":{"line":10,"column":null}}},"fnMap":{"0":{"name":"calculateDiscount","decl":{"start":{"line":1,"column":16},"end":{"line":1,"column":34}},"loc":{"start":{"line":1,"column":75},"end":{"line":11,"column":null}},"line":1}},"branchMap":{"0":{"loc":{"start":{"line":2,"column":4},"end":{"line":4,"column":null}},"type":"if","locations":[{"start":{"line":2,"column":4},"end":{"line":4,"column":null}},{"start":{},"end":{}}],"line":2},"1":{"loc":{"start":{"line":6,"column":4},"end":{"line":8,"column":null}},"type":"if","locations":[{"start":{"line":6,"column":4},"end":{"line":8,"column":null}},{"start":{},"end":{}}],"line":6},"2":{"loc":{"start":{"line":6,"column":8},"end":{"line":6,"column":40}},"type":"binary-expr","locations":[{"start":{"line":6,"column":8},"end":{"line":6,"column":24}},{"start":{"line":6,"column":24},"end":{"line":6,"column":40}}],"line":6}},"s":{"0":7,"1":1,"2":6,"3":2,"4":4},"f":{"0":7},"b":{"0":[1,6],"1":[2,4],"2":[6,5]},"meta":{"lastBranch":3,"lastFunction":1,"lastStatement":5,"seen":{"f:1:16:1:34":0,"b:2:4:4:Infinity:undefined:undefined:undefined:undefined":0,"s:2:4:4:Infinity":0,"s:3:8:3:Infinity":1,"b:6:4:8:Infinity:undefined:undefined:undefined:undefined":1,"s:6:4:8:Infinity":2,"b:6:8:6:24:6:24:6:40":2,"s:7:8:7:Infinity":3,"s:10:4:10:Infinity":4}}}
,"C:\\Users\\MarkvHouten\\Documents\\Script Opdrachten\\Unit Testing\\vitest-practice\\src\\getUser.ts": {"path":"C:\\Users\\MarkvHouten\\Documents\\Script Opdrachten\\Unit Testing\\vitest-practice\\src\\getUser.ts","statementMap":{"0":{"start":{"line":3,"column":22},"end":{"line":7,"column":null}},"1":{"start":{"line":9,"column":23},"end":{"line":12,"column":null}},"2":{"start":{"line":10,"column":4},"end":{"line":10,"column":null}},"3":{"start":{"line":10,"column":16},"end":{"line":10,"column":null}},"4":{"start":{"line":11,"column":4},"end":{"line":11,"column":null}},"5":{"start":{"line":11,"column":27},"end":{"line":11,"column":38}},"6":{"start":{"line":14,"column":27},"end":{"line":14,"column":null}},"7":{"start":{"line":14,"column":33},"end":{"line":14,"column":null}}},"fnMap":{"0":{"name":"(anonymous_0)","decl":{"start":{"line":9,"column":23},"end":{"line":9,"column":24}},"loc":{"start":{"line":9,"column":57},"end":{"line":12,"column":null}},"line":9},"1":{"name":"(anonymous_1)","decl":{"start":{"line":11,"column":22},"end":{"line":11,"column":27}},"loc":{"start":{"line":11,"column":27},"end":{"line":11,"column":38}},"line":11},"2":{"name":"(anonymous_2)","decl":{"start":{"line":14,"column":27},"end":{"line":14,"column":33}},"loc":{"start":{"line":14,"column":33},"end":{"line":14,"column":null}},"line":14}},"branchMap":{"0":{"loc":{"start":{"line":10,"column":4},"end":{"line":10,"column":null}},"type":"if","locations":[{"start":{"line":10,"column":4},"end":{"line":10,"column":null}},{"start":{},"end":{}}],"line":10}},"s":{"0":1,"1":1,"2":4,"3":1,"4":3,"5":5,"6":1,"7":7},"f":{"0":4,"1":5,"2":7},"b":{"0":[1,3]},"meta":{"lastBranch":1,"lastFunction":3,"lastStatement":8,"seen":{"s:3:22:7:Infinity":0,"s:9:23:12:Infinity":1,"f:9:23:9:24":0,"b:10:4:10:Infinity:undefined:undefined:undefined:undefined":0,"s:10:4:10:Infinity":2,"s:10:16:10:Infinity":3,"s:11:4:11:Infinity":4,"f:11:22:11:27":1,"s:11:27:11:38":5,"s:14:27:14:Infinity":6,"f:14:27:14:33":2,"s:14:33:14:Infinity":7}}}
,"C:\\Users\\MarkvHouten\\Documents\\Script Opdrachten\\Unit Testing\\vitest-practice\\src\\math.ts": {"path":"C:\\Users\\MarkvHouten\\Documents\\Script Opdrachten\\Unit Testing\\vitest-practice\\src\\math.ts","statementMap":{"0":{"start":{"line":2,"column":4},"end":{"line":2,"column":null}}},"fnMap":{"0":{"name":"add","decl":{"start":{"line":1,"column":16},"end":{"line":1,"column":20}},"loc":{"start":{"line":1,"column":50},"end":{"line":3,"column":null}},"line":1}},"branchMap":{},"s":{"0":4},"f":{"0":4},"b":{},"meta":{"lastBranch":0,"lastFunction":1,"lastStatement":1,"seen":{"f:1:16:1:20":0,"s:2:4:2:Infinity":0}}}
,"C:\\Users\\MarkvHouten\\Documents\\Script Opdrachten\\Unit Testing\\vitest-practice\\src\\multiply.ts": {"path":"C:\\Users\\MarkvHouten\\Documents\\Script Opdrachten\\Unit Testing\\vitest-practice\\src\\multiply.ts","statementMap":{"0":{"start":{"line":2,"column":4},"end":{"line":2,"column":null}}},"fnMap":{"0":{"name":"multiply","decl":{"start":{"line":1,"column":16},"end":{"line":1,"column":25}},"loc":{"start":{"line":1,"column":55},"end":{"line":3,"column":null}},"line":1}},"branchMap":{},"s":{"0":5},"f":{"0":5},"b":{},"meta":{"lastBranch":0,"lastFunction":1,"lastStatement":1,"seen":{"f:1:16:1:25":0,"s:2:4:2:Infinity":0}}}
,"C:\\Users\\MarkvHouten\\Documents\\Script Opdrachten\\Unit Testing\\vitest-practice\\src\\subtract.ts": {"path":"C:\\Users\\MarkvHouten\\Documents\\Script Opdrachten\\Unit Testing\\vitest-practice\\src\\subtract.ts","statementMap":{"0":{"start":{"line":2,"column":4},"end":{"line":2,"column":null}}},"fnMap":{"0":{"name":"subtract","decl":{"start":{"line":1,"column":16},"end":{"line":1,"column":25}},"loc":{"start":{"line":1,"column":55},"end":{"line":3,"column":null}},"line":1}},"branchMap":{},"s":{"0":4},"f":{"0":4},"b":{},"meta":{"lastBranch":0,"lastFunction":1,"lastStatement":1,"seen":{"f:1:16:1:25":0,"s:2:4:2:Infinity":0}}}
}
